     1                                  bits 32 ; assembling for the 32 bits architecture
     2                                  
     3                                  ; declare the EntryPoint (a label defining the very first instruction of the program)
     4                                  global start        
     5                                  
     6                                  ; declare external functions needed by our program
     7                                  extern exit, printf               ; tell nasm that exit exists even if we won't be defining it
     8                                  import exit msvcrt.dll    ; exit is a function that ends the calling process. It is defined in msvcrt.dll
     9                                  import printf msvcrt.dll                          ; msvcrt.dll contains exit, printf and all the other important C-runtime specific functions
    10                                  
    11                                  ; our data is declared here (the variables needed by our program)
    12                                  extern algoritm
    13                                  segment data use32 class=data
    14 00000000 1F                          numar db 31
    15                                  ; our code starts here
    16                                  segment code use32 class=code
    17                                      start:
    18 00000000 FE05[00000000]                      inc byte [numar]
    19 00000006 A1[00000000]                        mov eax, [numar]
    20 0000000B 50                                  push eax
    21                                              ;call algoritm
    22 0000000C 803D[00000000]7E                    cmp byte [numar], 126
    23 00000013 72EB                                jb start
    24                                      
    25                                          ; exit(0)
    26 00000015 6A00                            push    dword 0      ; push the parameter for exit onto the stack
    27 00000017 FF15[00000000]                  call    [exit]       ; call exit to terminate the program
