     1                                  bits 32 ; assembling for the 32 bits architecture
     2                                  
     3                                  ; declare the EntryPoint (a label defining the very first instruction of the program)
     4                                  global start        
     5                                  
     6                                  ; declare external functions needed by our program
     7                                  extern exit               ; tell nasm that exit exists even if we won't be defining it
     8                                  import exit msvcrt.dll    ; exit is a function that ends the calling process. It is defined in msvcrt.dll
     9                                                            ; msvcrt.dll contains exit, printf and all the other important C-runtime specific functions
    10                                  
    11                                  ; our data is declared here (the variables needed by our program)
    12                                  segment data use32 class=data
    13                                      ; (a-b-b-c)+(a-c-c-d)
    14                                      ; (24-4-4-10)+(24-10-10-3) => 6+1=7
    15 00000000 18                          a db 24
    16 00000001 04                          b db 4
    17 00000002 0A                          c db 10
    18 00000003 03                          d db 3
    19                                  
    20                                  ; our code starts here
    21                                  segment code use32 class=code
    22                                      start:
    23 00000000 A0[00000000]                    mov al, [a]
    24 00000005 2A05[01000000]                  sub al, [b]
    25 0000000B 2A05[01000000]                  sub al, [b]
    26 00000011 2A05[02000000]                  sub al, [c]
    27 00000017 8A1D[00000000]                  mov bl, [a]
    28 0000001D 2A1D[02000000]                  sub bl, [c]
    29 00000023 2A1D[02000000]                  sub bl, [c]
    30 00000029 2A1D[03000000]                  sub bl, [d]
    31 0000002F 00D8                            add al, bl
    32                                      
    33                                          ; exit(0)
    34 00000031 6A00                            push    dword 0      ; push the parameter for exit onto the stack
    35 00000033 FF15[00000000]                  call    [exit]       ; call exit to terminate the program
