     1                                  bits 32 ; assembling for the 32 bits architecture
     2                                  
     3                                  ; declare the EntryPoint (a label defining the very first instruction of the program)
     4                                  global start        
     5                                  
     6                                  ; declare external functions needed by our program
     7                                  extern exit               ; tell nasm that exit exists even if we won't be defining it
     8                                  import exit msvcrt.dll    ; exit is a function that ends the calling process. It is defined in msvcrt.dll
     9                                                            ; msvcrt.dll contains exit, printf and all the other important C-runtime specific functions
    10                                  
    11                                  ; our data is declared here (the variables needed by our program)
    12                                  segment data use32 class=data
    13                                      ; (a-c)+(b-d)
    14                                      ; (891-377)+(961-555)=920
    15 00000000 7B03                        a dw 891
    16 00000002 7901                        c dw 377
    17 00000004 C103                        b dw 961
    18 00000006 2B02                        d dw 555
    19                                  ; our code starts here
    20                                  segment code use32 class=code
    21                                      start:
    22 00000000 66A1[00000000]                  mov ax, [a]
    23 00000006 662B05[02000000]                sub ax, [c]
    24 0000000D 668B1D[04000000]                mov bx, [b]
    25 00000014 662B1D[06000000]                sub bx, [d]
    26 0000001B 6601D8                          add ax, bx
    27                                      
    28                                          ; exit(0)
    29 0000001E 6A00                            push    dword 0      ; push the parameter for exit onto the stack
    30 00000020 FF15[00000000]                  call    [exit]       ; call exit to terminate the program
