     1                                  bits 32 ; assembling for the 32 bits architecture
     2                                  
     3                                  ; declare the EntryPoint (a label defining the very first instruction of the program)
     4                                  global start        
     5                                  
     6                                  ; declare external functions needed by our program
     7                                  extern exit               ; tell nasm that exit exists even if we won't be defining it
     8                                  import exit msvcrt.dll    ; exit is a function that ends the calling process. It is defined in msvcrt.dll
     9                                                            ; msvcrt.dll contains exit, printf and all the other important C-runtime specific functions
    10                                  
    11                                  ; our data is declared here (the variables needed by our program)
    12                                  segment data use32 class=data
    13                                      ; a-d+b+b+c
    14                                      ;891-322+280+280+410=1539
    15 00000000 7B03                        a dw 891
    16 00000002 4201                        d dw 322
    17 00000004 1801                        b dw 280
    18 00000006 9A01                        c dw 410
    19                                  
    20                                  ; our code starts here
    21                                  segment code use32 class=code
    22                                      start:
    23 00000000 66A1[00000000]                  mov ax, [a]
    24 00000006 662B05[02000000]                sub ax, [d]
    25 0000000D 660305[04000000]                add ax, [b]
    26 00000014 660305[04000000]                add ax, [b]
    27 0000001B 660305[06000000]                add ax, [c]
    28                                      
    29                                          ; exit(0)
    30 00000022 6A00                            push    dword 0      ; push the parameter for exit onto the stack
    31 00000024 FF15[00000000]                  call    [exit]       ; call exit to terminate the program
